GAS LISTING /tmp/ccXYOnZn.s 			page 1


   1              		.file	"syscall_cpp.cpp"
   2              		.option pic
   3              		.option norelax
   4              		.text
   5              	.Ltext0:
   6              		.align	2
   7              		.globl	_Znwm
   9              	_Znwm:
  10              	.LFB21:
  11              		.file 1 "src/syscall_cpp.cpp"
   1:src/syscall_cpp.cpp **** //
   2:src/syscall_cpp.cpp **** // Created by os on 5/4/24.
   3:src/syscall_cpp.cpp **** //
   4:src/syscall_cpp.cpp **** 
   5:src/syscall_cpp.cpp **** #include "../h/syscall_cpp.h"
   6:src/syscall_cpp.cpp **** 
   7:src/syscall_cpp.cpp **** void *operator new(size_t n) {
  12              		.loc 1 7 30
  13              		.cfi_startproc
  14              	.LVL0:
  15 0000 130101FF 		addi	sp,sp,-16
  16              		.cfi_def_cfa_offset 16
  17 0004 23341100 		sd	ra,8(sp)
  18 0008 23308100 		sd	s0,0(sp)
  19              		.cfi_offset 1, -8
  20              		.cfi_offset 8, -16
  21 000c 13040101 		addi	s0,sp,16
  22              		.cfi_def_cfa 8, 0
   8:src/syscall_cpp.cpp ****     return mem_alloc(n);
  23              		.loc 1 8 5
  24              		.loc 1 8 21 is_stmt 0
  25 0010 97000000 		call	_Z9mem_allocm@plt
  25      E7800000 
  26              	.LVL1:
   9:src/syscall_cpp.cpp **** }
  27              		.loc 1 9 1
  28 0018 83308100 		ld	ra,8(sp)
  29              		.cfi_restore 1
  30 001c 03340100 		ld	s0,0(sp)
  31              		.cfi_restore 8
  32              		.cfi_def_cfa 2, 16
  33 0020 13010101 		addi	sp,sp,16
  34              		.cfi_def_cfa_offset 0
  35 0024 67800000 		jr	ra
  36              		.cfi_endproc
  37              	.LFE21:
  39              		.align	2
  40              		.globl	_Znam
  42              	_Znam:
  43              	.LFB22:
  10:src/syscall_cpp.cpp **** 
  11:src/syscall_cpp.cpp **** void *operator new[](size_t n) {
  44              		.loc 1 11 32 is_stmt 1
  45              		.cfi_startproc
  46              	.LVL2:
  47 0028 130101FF 		addi	sp,sp,-16
  48              		.cfi_def_cfa_offset 16
GAS LISTING /tmp/ccXYOnZn.s 			page 2


  49 002c 23341100 		sd	ra,8(sp)
  50 0030 23308100 		sd	s0,0(sp)
  51              		.cfi_offset 1, -8
  52              		.cfi_offset 8, -16
  53 0034 13040101 		addi	s0,sp,16
  54              		.cfi_def_cfa 8, 0
  12:src/syscall_cpp.cpp ****     return mem_alloc(n);
  55              		.loc 1 12 5
  56              		.loc 1 12 21 is_stmt 0
  57 0038 97000000 		call	_Z9mem_allocm@plt
  57      E7800000 
  58              	.LVL3:
  13:src/syscall_cpp.cpp **** }
  59              		.loc 1 13 1
  60 0040 83308100 		ld	ra,8(sp)
  61              		.cfi_restore 1
  62 0044 03340100 		ld	s0,0(sp)
  63              		.cfi_restore 8
  64              		.cfi_def_cfa 2, 16
  65 0048 13010101 		addi	sp,sp,16
  66              		.cfi_def_cfa_offset 0
  67 004c 67800000 		jr	ra
  68              		.cfi_endproc
  69              	.LFE22:
  71              		.align	2
  72              		.globl	_ZdlPv
  74              	_ZdlPv:
  75              	.LFB23:
  14:src/syscall_cpp.cpp **** 
  15:src/syscall_cpp.cpp **** void operator delete(void *p) noexcept {
  76              		.loc 1 15 40 is_stmt 1
  77              		.cfi_startproc
  78              		.cfi_personality 0x9b,DW.ref.__gxx_personality_v0
  79              		.cfi_lsda 0x1b,.LLSDA23
  80              	.LVL4:
  81 0050 130101FF 		addi	sp,sp,-16
  82              		.cfi_def_cfa_offset 16
  83 0054 23341100 		sd	ra,8(sp)
  84 0058 23308100 		sd	s0,0(sp)
  85              		.cfi_offset 1, -8
  86              		.cfi_offset 8, -16
  87 005c 13040101 		addi	s0,sp,16
  88              		.cfi_def_cfa 8, 0
  16:src/syscall_cpp.cpp ****     mem_free(p);
  89              		.loc 1 16 5
  90              		.loc 1 16 13 is_stmt 0
  91 0060 97000000 		call	_Z8mem_freePv@plt
  91      E7800000 
  92              	.LVL5:
  17:src/syscall_cpp.cpp **** }
  93              		.loc 1 17 1
  94 0068 83308100 		ld	ra,8(sp)
  95              		.cfi_restore 1
  96 006c 03340100 		ld	s0,0(sp)
  97              		.cfi_restore 8
  98              		.cfi_def_cfa 2, 16
  99 0070 13010101 		addi	sp,sp,16
GAS LISTING /tmp/ccXYOnZn.s 			page 3


 100              		.cfi_def_cfa_offset 0
 101 0074 67800000 		jr	ra
 102              		.cfi_endproc
 103              	.LFE23:
 104              		.globl	__gxx_personality_v0
 105              		.section	.gcc_except_table,"a",@progbits
 106              	.LLSDA23:
 107 0000 FF       		.byte	0xff
 108 0001 FF       		.byte	0xff
 109 0002 03       		.byte	0x3
 110 0003 00       		.byte	0
 111              		.text
 113              		.align	2
 114              		.globl	_ZdaPv
 116              	_ZdaPv:
 117              	.LFB24:
  18:src/syscall_cpp.cpp **** 
  19:src/syscall_cpp.cpp **** void operator delete[](void *p) noexcept {
 118              		.loc 1 19 42 is_stmt 1
 119              		.cfi_startproc
 120              		.cfi_personality 0x9b,DW.ref.__gxx_personality_v0
 121              		.cfi_lsda 0x1b,.LLSDA24
 122              	.LVL6:
 123 0078 130101FF 		addi	sp,sp,-16
 124              		.cfi_def_cfa_offset 16
 125 007c 23341100 		sd	ra,8(sp)
 126 0080 23308100 		sd	s0,0(sp)
 127              		.cfi_offset 1, -8
 128              		.cfi_offset 8, -16
 129 0084 13040101 		addi	s0,sp,16
 130              		.cfi_def_cfa 8, 0
  20:src/syscall_cpp.cpp ****     mem_free(p);
 131              		.loc 1 20 5
 132              		.loc 1 20 13 is_stmt 0
 133 0088 97000000 		call	_Z8mem_freePv@plt
 133      E7800000 
 134              	.LVL7:
  21:src/syscall_cpp.cpp **** }...
 135              		.loc 1 21 1
 136 0090 83308100 		ld	ra,8(sp)
 137              		.cfi_restore 1
 138 0094 03340100 		ld	s0,0(sp)
 139              		.cfi_restore 8
 140              		.cfi_def_cfa 2, 16
 141 0098 13010101 		addi	sp,sp,16
 142              		.cfi_def_cfa_offset 0
 143 009c 67800000 		jr	ra
 144              		.cfi_endproc
 145              	.LFE24:
 146              		.section	.gcc_except_table
 147              	.LLSDA24:
 148 0004 FF       		.byte	0xff
 149 0005 FF       		.byte	0xff
 150 0006 03       		.byte	0x3
 151 0007 00       		.byte	0
 152              		.text
 154              	.Letext0:
GAS LISTING /tmp/ccXYOnZn.s 			page 4


 155              		.file 2 "src/../h/../lib/hw.h"
 156              		.file 3 "src/../h/syscall_c.h"
 795              		.align	3
 798              	DW.ref.__gxx_personality_v0:
 799 0000 00000000 		.dword	__gxx_personality_v0
 799      00000000 
 800              		.ident	"GCC: (Ubuntu 9.4.0-1ubuntu1~20.04) 9.4.0"
 801              		.section	.note.GNU-stack,"",@progbits
GAS LISTING /tmp/ccXYOnZn.s 			page 5


DEFINED SYMBOLS
                            *ABS*:0000000000000000 syscall_cpp.cpp
     /tmp/ccXYOnZn.s:9      .text:0000000000000000 _Znwm
     /tmp/ccXYOnZn.s:13     .text:0000000000000000 .L0 
     /tmp/ccXYOnZn.s:15     .text:0000000000000000 .L0 
     /tmp/ccXYOnZn.s:16     .text:0000000000000004 .L0 
     /tmp/ccXYOnZn.s:19     .text:000000000000000c .L0 
     /tmp/ccXYOnZn.s:20     .text:000000000000000c .L0 
     /tmp/ccXYOnZn.s:22     .text:0000000000000010 .L0 
     /tmp/ccXYOnZn.s:24     .text:0000000000000010 .L0 
     /tmp/ccXYOnZn.s:25     .text:0000000000000010 .L0 
     /tmp/ccXYOnZn.s:28     .text:0000000000000018 .L0 
     /tmp/ccXYOnZn.s:29     .text:000000000000001c .L0 
     /tmp/ccXYOnZn.s:31     .text:0000000000000020 .L0 
     /tmp/ccXYOnZn.s:32     .text:0000000000000020 .L0 
     /tmp/ccXYOnZn.s:34     .text:0000000000000024 .L0 
     /tmp/ccXYOnZn.s:36     .text:0000000000000028 .L0 
     /tmp/ccXYOnZn.s:42     .text:0000000000000028 _Znam
     /tmp/ccXYOnZn.s:45     .text:0000000000000028 .L0 
     /tmp/ccXYOnZn.s:47     .text:0000000000000028 .L0 
     /tmp/ccXYOnZn.s:48     .text:000000000000002c .L0 
     /tmp/ccXYOnZn.s:51     .text:0000000000000034 .L0 
     /tmp/ccXYOnZn.s:52     .text:0000000000000034 .L0 
     /tmp/ccXYOnZn.s:54     .text:0000000000000038 .L0 
     /tmp/ccXYOnZn.s:56     .text:0000000000000038 .L0 
     /tmp/ccXYOnZn.s:57     .text:0000000000000038 .L0 
     /tmp/ccXYOnZn.s:60     .text:0000000000000040 .L0 
     /tmp/ccXYOnZn.s:61     .text:0000000000000044 .L0 
     /tmp/ccXYOnZn.s:63     .text:0000000000000048 .L0 
     /tmp/ccXYOnZn.s:64     .text:0000000000000048 .L0 
     /tmp/ccXYOnZn.s:66     .text:000000000000004c .L0 
     /tmp/ccXYOnZn.s:68     .text:0000000000000050 .L0 
     /tmp/ccXYOnZn.s:74     .text:0000000000000050 _ZdlPv
     /tmp/ccXYOnZn.s:77     .text:0000000000000050 .L0 
     /tmp/ccXYOnZn.s:798    .data.rel.local.DW.ref.__gxx_personality_v0:0000000000000000 DW.ref.__gxx_personality_v0
     /tmp/ccXYOnZn.s:81     .text:0000000000000050 .L0 
     /tmp/ccXYOnZn.s:82     .text:0000000000000054 .L0 
     /tmp/ccXYOnZn.s:85     .text:000000000000005c .L0 
     /tmp/ccXYOnZn.s:86     .text:000000000000005c .L0 
     /tmp/ccXYOnZn.s:88     .text:0000000000000060 .L0 
     /tmp/ccXYOnZn.s:90     .text:0000000000000060 .L0 
     /tmp/ccXYOnZn.s:91     .text:0000000000000060 .L0 
     /tmp/ccXYOnZn.s:94     .text:0000000000000068 .L0 
     /tmp/ccXYOnZn.s:95     .text:000000000000006c .L0 
     /tmp/ccXYOnZn.s:97     .text:0000000000000070 .L0 
     /tmp/ccXYOnZn.s:98     .text:0000000000000070 .L0 
     /tmp/ccXYOnZn.s:100    .text:0000000000000074 .L0 
     /tmp/ccXYOnZn.s:102    .text:0000000000000078 .L0 
     /tmp/ccXYOnZn.s:116    .text:0000000000000078 _ZdaPv
     /tmp/ccXYOnZn.s:119    .text:0000000000000078 .L0 
     /tmp/ccXYOnZn.s:123    .text:0000000000000078 .L0 
     /tmp/ccXYOnZn.s:124    .text:000000000000007c .L0 
     /tmp/ccXYOnZn.s:127    .text:0000000000000084 .L0 
     /tmp/ccXYOnZn.s:128    .text:0000000000000084 .L0 
     /tmp/ccXYOnZn.s:130    .text:0000000000000088 .L0 
     /tmp/ccXYOnZn.s:132    .text:0000000000000088 .L0 
     /tmp/ccXYOnZn.s:133    .text:0000000000000088 .L0 
GAS LISTING /tmp/ccXYOnZn.s 			page 6


     /tmp/ccXYOnZn.s:136    .text:0000000000000090 .L0 
     /tmp/ccXYOnZn.s:137    .text:0000000000000094 .L0 
     /tmp/ccXYOnZn.s:139    .text:0000000000000098 .L0 
     /tmp/ccXYOnZn.s:140    .text:0000000000000098 .L0 
     /tmp/ccXYOnZn.s:142    .text:000000000000009c .L0 
     /tmp/ccXYOnZn.s:144    .text:00000000000000a0 .L0 
     /tmp/ccXYOnZn.s:157    .text:00000000000000a0 .L0 
     /tmp/ccXYOnZn.s:417    .debug_abbrev:0000000000000000 .Ldebug_abbrev0
     /tmp/ccXYOnZn.s:756    .debug_str:00000000000000c2 .LASF29
     /tmp/ccXYOnZn.s:730    .debug_str:000000000000000e .LASF30
     /tmp/ccXYOnZn.s:788    .debug_str:000000000000025a .LASF31
     /tmp/ccXYOnZn.s:5      .text:0000000000000000 .Ltext0
     /tmp/ccXYOnZn.s:154    .text:00000000000000a0 .Letext0
     /tmp/ccXYOnZn.s:726    .debug_line:0000000000000000 .Ldebug_line0
     /tmp/ccXYOnZn.s:760    .debug_str:0000000000000194 .LASF0
     /tmp/ccXYOnZn.s:752    .debug_str:00000000000000a3 .LASF1
     /tmp/ccXYOnZn.s:746    .debug_str:000000000000007d .LASF2
     /tmp/ccXYOnZn.s:738    .debug_str:000000000000003e .LASF4
     /tmp/ccXYOnZn.s:750    .debug_str:0000000000000091 .LASF3
     /tmp/ccXYOnZn.s:732    .debug_str:0000000000000022 .LASF5
     /tmp/ccXYOnZn.s:784    .debug_str:0000000000000241 .LASF6
     /tmp/ccXYOnZn.s:742    .debug_str:000000000000005b .LASF7
     /tmp/ccXYOnZn.s:764    .debug_str:00000000000001b1 .LASF8
     /tmp/ccXYOnZn.s:736    .debug_str:0000000000000030 .LASF9
     /tmp/ccXYOnZn.s:790    .debug_str:0000000000000274 .LASF10
     /tmp/ccXYOnZn.s:744    .debug_str:000000000000006e .LASF11
     /tmp/ccXYOnZn.s:776    .debug_str:0000000000000213 .LASF12
     /tmp/ccXYOnZn.s:768    .debug_str:00000000000001d7 .LASF13
     /tmp/ccXYOnZn.s:754    .debug_str:00000000000000b6 .LASF14
     /tmp/ccXYOnZn.s:740    .debug_str:0000000000000045 .LASF15
     /tmp/ccXYOnZn.s:766    .debug_str:00000000000001c1 .LASF16
     /tmp/ccXYOnZn.s:772    .debug_str:00000000000001f0 .LASF17
     /tmp/ccXYOnZn.s:734    .debug_str:0000000000000029 .LASF19
     /tmp/ccXYOnZn.s:117    .text:0000000000000078 .LFB24
     /tmp/ccXYOnZn.s:145    .text:00000000000000a0 .LFE24
     /tmp/ccXYOnZn.s:657    .debug_loc:0000000000000000 .LLST3
     /tmp/ccXYOnZn.s:134    .text:0000000000000090 .LVL7
     /tmp/ccXYOnZn.s:762    .debug_str:00000000000001a1 .LASF18
     /tmp/ccXYOnZn.s:778    .debug_str:0000000000000223 .LASF20
     /tmp/ccXYOnZn.s:75     .text:0000000000000050 .LFB23
     /tmp/ccXYOnZn.s:103    .text:0000000000000078 .LFE23
     /tmp/ccXYOnZn.s:671    .debug_loc:0000000000000039 .LLST2
     /tmp/ccXYOnZn.s:92     .text:0000000000000068 .LVL5
     /tmp/ccXYOnZn.s:774    .debug_str:0000000000000203 .LASF21
     /tmp/ccXYOnZn.s:748    .debug_str:000000000000008b .LASF23
     /tmp/ccXYOnZn.s:43     .text:0000000000000028 .LFB22
     /tmp/ccXYOnZn.s:69     .text:0000000000000050 .LFE22
     /tmp/ccXYOnZn.s:685    .debug_loc:0000000000000072 .LLST1
     /tmp/ccXYOnZn.s:58     .text:0000000000000040 .LVL3
     /tmp/ccXYOnZn.s:780    .debug_str:000000000000022a .LASF22
     /tmp/ccXYOnZn.s:786    .debug_str:0000000000000254 .LASF24
     /tmp/ccXYOnZn.s:10     .text:0000000000000000 .LFB21
     /tmp/ccXYOnZn.s:37     .text:0000000000000028 .LFE21
     /tmp/ccXYOnZn.s:699    .debug_loc:00000000000000ab .LLST0
     /tmp/ccXYOnZn.s:26     .text:0000000000000018 .LVL1
     /tmp/ccXYOnZn.s:728    .debug_str:0000000000000000 .LASF25
     /tmp/ccXYOnZn.s:770    .debug_str:00000000000001e7 .LASF27
GAS LISTING /tmp/ccXYOnZn.s 			page 7


     /tmp/ccXYOnZn.s:758    .debug_str:0000000000000186 .LASF26
     /tmp/ccXYOnZn.s:782    .debug_str:0000000000000237 .LASF28
     /tmp/ccXYOnZn.s:122    .text:0000000000000078 .LVL6
     /tmp/ccXYOnZn.s:80     .text:0000000000000050 .LVL4
     /tmp/ccXYOnZn.s:46     .text:0000000000000028 .LVL2
     /tmp/ccXYOnZn.s:14     .text:0000000000000000 .LVL0
     /tmp/ccXYOnZn.s:158    .debug_info:0000000000000000 .Ldebug_info0
     /tmp/ccXYOnZn.s:106    .gcc_except_table:0000000000000000 .LLSDA23
     /tmp/ccXYOnZn.s:147    .gcc_except_table:0000000000000004 .LLSDA24

UNDEFINED SYMBOLS
_Z9mem_allocm
_Z8mem_freePv
__gxx_personality_v0
